<?xml version="1.0" encoding="UTF-8"?>
<testng-results skipped="0" failed="0" ignored="0" total="1" passed="1">
  <reporter-output>
  </reporter-output>
  <suite name="Default suite" duration-ms="49674" started-at="2022-07-14T16:55:45 IST" finished-at="2022-07-14T16:56:35 IST">
    <groups>
    </groups>
    <test name="Default test" duration-ms="49674" started-at="2022-07-14T16:55:45 IST" finished-at="2022-07-14T16:56:35 IST">
      <class name="TestcasePack.Testcase1">
        <test-method status="PASS" signature="setup()[pri:0, instance:TestcasePack.Testcase1@710726a3]" name="setup" is-config="true" duration-ms="29804" started-at="2022-07-14T16:55:45 IST" finished-at="2022-07-14T16:56:15 IST">
          <reporter-output>
          </reporter-output>
        </test-method> <!-- setup -->
        <test-method status="PASS" signature="logintest1()[pri:0, instance:TestcasePack.Testcase1@710726a3]" name="logintest1" duration-ms="19782" started-at="2022-07-14T16:56:15 IST" finished-at="2022-07-14T16:56:35 IST">
          <reporter-output>
          </reporter-output>
        </test-method> <!-- logintest1 -->
        <test-method status="PASS" signature="teardown()[pri:0, instance:TestcasePack.Testcase1@710726a3]" name="teardown" is-config="true" duration-ms="1" started-at="2022-07-14T16:56:35 IST" finished-at="2022-07-14T16:56:35 IST">
          <reporter-output>
          </reporter-output>
        </test-method> <!-- teardown -->
      </class> <!-- TestcasePack.Testcase1 -->
    </test> <!-- Default test -->
  </suite> <!-- Default suite -->
</testng-results>
