<?xml version="1.0" encoding="UTF-8"?>
<!-- Generated by org.testng.reporters.JUnitXMLReporter -->
<testsuite hostname="Desktop" ignored="0" name="ReqresAPITest" tests="31" failures="0" timestamp="17 Sep 2022 14:41:20 GMT" time="5.038" errors="0">
  <testcase name="checkContentEncoding" time="0.01" classname="com.reqres.testCases.TC01_Get_User"/>
  <testcase name="checkContentType" time="0.002" classname="com.reqres.testCases.TC01_Get_User"/>
  <testcase name="checkResponseBody" time="0.325" classname="com.reqres.testCases.TC01_Get_User"/>
  <testcase name="checkResponseTime" time="0.016" classname="com.reqres.testCases.TC01_Get_User"/>
  <testcase name="checkServer" time="0.002" classname="com.reqres.testCases.TC01_Get_User"/>
  <testcase name="checkStatusCode" time="0.006" classname="com.reqres.testCases.TC01_Get_User"/>
  <testcase name="checkStatusLine" time="0.003" classname="com.reqres.testCases.TC01_Get_User"/>
  <testcase name="checkContentEncoding" time="0.003" classname="com.reqres.testCases.TC02_Get_Single_User"/>
  <testcase name="checkContentType" time="0.001" classname="com.reqres.testCases.TC02_Get_Single_User"/>
  <testcase name="checkResponseBody" time="0.005" classname="com.reqres.testCases.TC02_Get_Single_User"/>
  <testcase name="checkResponseTime" time="0.004" classname="com.reqres.testCases.TC02_Get_Single_User"/>
  <testcase name="checkServer" time="0.002" classname="com.reqres.testCases.TC02_Get_Single_User"/>
  <testcase name="checkStatusCode" time="0.001" classname="com.reqres.testCases.TC02_Get_Single_User"/>
  <testcase name="checkStatusLine" time="0.005" classname="com.reqres.testCases.TC02_Get_Single_User"/>
  <testcase name="checkContentType" time="0.001" classname="com.reqres.testCases.TC03_Create_User"/>
  <testcase name="checkResponseBody" time="0.005" classname="com.reqres.testCases.TC03_Create_User"/>
  <testcase name="checkResponseTime" time="0.001" classname="com.reqres.testCases.TC03_Create_User"/>
  <testcase name="checkServer" time="0.001" classname="com.reqres.testCases.TC03_Create_User"/>
  <testcase name="checkStatusCode" time="0.001" classname="com.reqres.testCases.TC03_Create_User"/>
  <testcase name="checkStatusLine" time="0.001" classname="com.reqres.testCases.TC03_Create_User"/>
  <testcase name="checkContentType" time="0.001" classname="com.reqres.testCases.TC04_Update_User_Record"/>
  <testcase name="checkResponseBody" time="0.002" classname="com.reqres.testCases.TC04_Update_User_Record"/>
  <testcase name="checkResponseTime" time="0.002" classname="com.reqres.testCases.TC04_Update_User_Record"/>
  <testcase name="checkServer" time="0.0" classname="com.reqres.testCases.TC04_Update_User_Record"/>
  <testcase name="checkStatusCode" time="0.001" classname="com.reqres.testCases.TC04_Update_User_Record"/>
  <testcase name="checkStatusLine" time="0.001" classname="com.reqres.testCases.TC04_Update_User_Record"/>
  <testcase name="checkResponseBody" time="0.002" classname="com.reqres.testCases.TC05_Delete_User_Record"/>
  <testcase name="checkResponseTime" time="0.001" classname="com.reqres.testCases.TC05_Delete_User_Record"/>
  <testcase name="checkServer" time="0.004" classname="com.reqres.testCases.TC05_Delete_User_Record"/>
  <testcase name="checkStatusCode" time="0.004" classname="com.reqres.testCases.TC05_Delete_User_Record"/>
  <testcase name="checkStatusLine" time="0.001" classname="com.reqres.testCases.TC05_Delete_User_Record"/>
</testsuite> <!-- ReqresAPITest -->
