<?xml version="1.0" encoding="UTF-8"?>
<!-- Generated by org.testng.reporters.JUnitXMLReporter -->
<testsuite hostname="hp" ignored="10" name="Test" tests="6" failures="0" timestamp="2022-09-11T19:34:01 IST" time="0.231" errors="0">
  <testcase name="testMethodOneOne" time="0.054" classname="demo.Importtopicgrouping"/>
  <testcase name="testMethodThreeThree" time="0.004" classname="demo.Importtopicgrouping"/>
  <testcase name="testMethodTwoTwo" time="0.003" classname="demo.Importtopicgrouping"/>
  <testcase name="testMethodOne" time="0.004" classname="demo.Imptopic"/>
  <testcase name="testMethodThree" time="0.005" classname="demo.Imptopic"/>
  <testcase name="testMethodTwo" time="0.005" classname="demo.Imptopic"/>
  <testcase name="testmethod" time="0.0" classname="demo.Testng">
    <ignored/>
  </testcase> <!-- testmethod -->
  <testcase name="gamamethod" time="0.0" classname="demo.Testng">
    <ignored/>
  </testcase> <!-- gamamethod -->
  <testcase name="UITesting" time="0.0" classname="demo.Imptopic">
    <ignored/>
  </testcase> <!-- UITesting -->
  <testcase name="OpenWebPage" time="0.0" classname="demo.Imptopic">
    <ignored/>
  </testcase> <!-- OpenWebPage -->
  <testcase name="Audimethod" time="0.0" classname="demo.parametrz">
    <ignored/>
  </testcase> <!-- Audimethod -->
  <testcase name="WebDriver" time="0.0" classname="demo.Imptopic">
    <ignored/>
  </testcase> <!-- WebDriver -->
  <testcase name="alphamethod" time="0.0" classname="demo.Testng">
    <ignored/>
  </testcase> <!-- alphamethod -->
  <testcase name="hellomethod" time="0.0" classname="demo.helloclass">
    <ignored/>
  </testcase> <!-- hellomethod -->
  <testcase name="test" time="0.0" classname="demo.Dataprovider">
    <ignored/>
  </testcase> <!-- test -->
  <testcase name="Betamethod" time="0.0" classname="demo.Testng">
    <ignored/>
  </testcase> <!-- Betamethod -->
</testsuite> <!-- Test -->
