<?xml version="1.0" encoding="UTF-8"?>
<!-- Generated by org.testng.reporters.JUnitXMLReporter -->
<testsuite ignored="0" hostname="hp" failures="0" tests="7" name="Default test" time="5.431" errors="0" timestamp="2022-11-07T00:33:21 IST">
  <testcase classname="com.reqres.testCases.TC01_Get_User" name="checkContentEncoding" time="0.018"/>
  <testcase classname="com.reqres.testCases.TC01_Get_User" name="checkContentType" time="0.021"/>
  <testcase classname="com.reqres.testCases.TC01_Get_User" name="checkResponseBody" time="0.203"/>
  <testcase classname="com.reqres.testCases.TC01_Get_User" name="checkResponseTime" time="0.009"/>
  <testcase classname="com.reqres.testCases.TC01_Get_User" name="checkServer" time="0.011"/>
  <testcase classname="com.reqres.testCases.TC01_Get_User" name="checkStatusCode" time="0.005"/>
  <testcase classname="com.reqres.testCases.TC01_Get_User" name="checkStatusLine" time="0.004"/>
</testsuite> <!-- Default test -->
