<?xml version="1.0" encoding="UTF-8"?>
<!-- Generated by org.testng.reporters.JUnitXMLReporter -->
<testsuite hostname="DESKTOP-H0057HT" ignored="0" name="back-end" tests="5" failures="0" timestamp="2022-07-16T16:43:48 IST" time="0.036" errors="0">
  <testcase name="accessAdminPage" time="0.002" classname="com.websystique.testng.TestSecurity"/>
  <testcase name="accessHomePage" time="0.002" classname="com.websystique.testng.TestSecurity"/>
  <testcase name="testDelete" time="0.002" classname="com.websystique.testng.TestDataBase"/>
  <testcase name="testInsert" time="0.001" classname="com.websystique.testng.TestDataBase"/>
  <testcase name="testUpdate" time="0.003" classname="com.websystique.testng.TestDataBase"/>
</testsuite> <!-- back-end -->
