<?xml version="1.0" encoding="UTF-8"?>
<!-- Generated by org.testng.reporters.JUnitXMLReporter -->
<testsuite ignored="0" hostname="hp" failures="2" tests="31" name="Test" time="9.602" errors="0" timestamp="2022-11-07T01:10:49 IST">
  <testcase classname="com.reqres.testCases.TC01_Get_User" name="checkContentEncoding" time="0.024"/>
  <testcase classname="com.reqres.testCases.TC01_Get_User" name="checkContentType" time="0.022"/>
  <testcase classname="com.reqres.testCases.TC01_Get_User" name="checkResponseBody" time="0.175"/>
  <testcase classname="com.reqres.testCases.TC01_Get_User" name="checkResponseTime" time="0.012"/>
  <testcase classname="com.reqres.testCases.TC01_Get_User" name="checkServer" time="0.004"/>
  <testcase classname="com.reqres.testCases.TC01_Get_User" name="checkStatusCode" time="0.009"/>
  <testcase classname="com.reqres.testCases.TC01_Get_User" name="checkStatusLine" time="0.005"/>
  <testcase classname="com.reqres.testCases.TC04_Update_User_Record" name="checkContentType" time="0.004"/>
  <testcase classname="com.reqres.testCases.TC04_Update_User_Record" name="checkResponseBody" time="0.005"/>
  <testcase classname="com.reqres.testCases.TC04_Update_User_Record" name="checkResponseTime" time="0.004"/>
  <testcase classname="com.reqres.testCases.TC04_Update_User_Record" name="checkServer" time="0.003"/>
  <testcase classname="com.reqres.testCases.TC04_Update_User_Record" name="checkStatusCode" time="0.007"/>
  <testcase classname="com.reqres.testCases.TC04_Update_User_Record" name="checkStatusLine" time="0.003"/>
  <testcase classname="com.reqres.testCases.TC05_Delete_User_Record" name="checkResponseBody" time="0.004"/>
  <testcase classname="com.reqres.testCases.TC05_Delete_User_Record" name="checkResponseTime" time="0.003"/>
  <testcase classname="com.reqres.testCases.TC05_Delete_User_Record" name="checkServer" time="0.004"/>
  <testcase classname="com.reqres.testCases.TC05_Delete_User_Record" name="checkStatusCode" time="0.037">
    <failure type="java.lang.AssertionError" message="Status Check Failed! expected [200] but found [204]">
      <![CDATA[java.lang.AssertionError: Status Check Failed! expected [200] but found [204]
at com.reqres.utilities.RestUtils.checkStatusIs200(RestUtils.java:22)
at com.reqres.testCases.TC05_Delete_User_Record.checkStatusCode(TC05_Delete_User_Record.java:37)
at java.base/java.util.ArrayList.forEach(ArrayList.java:1511)
... Removed 32 stack frames]]>
    </failure>
  </testcase> <!-- checkStatusCode -->
  <testcase classname="com.reqres.testCases.TC05_Delete_User_Record" name="checkStatusLine" time="0.006"/>
  <testcase classname="com.reqres.testCases.TC03_Create_User" name="checkContentType" time="0.006"/>
  <testcase classname="com.reqres.testCases.TC03_Create_User" name="checkResponseBody" time="0.005"/>
  <testcase classname="com.reqres.testCases.TC03_Create_User" name="checkResponseTime" time="0.004"/>
  <testcase classname="com.reqres.testCases.TC03_Create_User" name="checkServer" time="0.003"/>
  <testcase classname="com.reqres.testCases.TC03_Create_User" name="checkStatusCode" time="0.005">
    <failure type="java.lang.AssertionError" message="Status Check Failed! expected [200] but found [201]">
      <![CDATA[java.lang.AssertionError: Status Check Failed! expected [200] but found [201]
at com.reqres.utilities.RestUtils.checkStatusIs200(RestUtils.java:22)
at com.reqres.testCases.TC03_Create_User.checkStatusCode(TC03_Create_User.java:55)
at java.base/java.util.ArrayList.forEach(ArrayList.java:1511)
... Removed 32 stack frames]]>
    </failure>
  </testcase> <!-- checkStatusCode -->
  <testcase classname="com.reqres.testCases.TC03_Create_User" name="checkStatusLine" time="0.003"/>
  <testcase classname="com.reqres.testCases.TC02_Get_Single_User" name="checkContentEncoding" time="0.005"/>
  <testcase classname="com.reqres.testCases.TC02_Get_Single_User" name="checkContentType" time="0.004"/>
  <testcase classname="com.reqres.testCases.TC02_Get_Single_User" name="checkResponseBody" time="0.006"/>
  <testcase classname="com.reqres.testCases.TC02_Get_Single_User" name="checkResponseTime" time="0.009"/>
  <testcase classname="com.reqres.testCases.TC02_Get_Single_User" name="checkServer" time="0.004"/>
  <testcase classname="com.reqres.testCases.TC02_Get_Single_User" name="checkStatusCode" time="0.005"/>
  <testcase classname="com.reqres.testCases.TC02_Get_Single_User" name="checkStatusLine" time="0.005"/>
</testsuite> <!-- Test -->
