<?xml version="1.0" encoding="UTF-8"?>
<!-- Generated by org.testng.reporters.JUnitXMLReporter -->
<testsuite hostname="DESKTOP-H0057HT" ignored="0" name="Zomato" tests="4" failures="0" timestamp="2022-06-16T19:05:22 IST" time="105.066" errors="0">
  <testcase name="searchMenu" time="15.647" classname="org.testNgPractice.ZomatoDropDown"/>
  <testcase name="searchMenu" time="10.611" classname="org.testNgPractice.ZomatoDropDown"/>
  <testcase name="searchMenu" time="9.53" classname="org.testNgPractice.ZomatoDropDown"/>
  <testcase name="trial" time="8.014" classname="org.testNgPractice.ZomatoDropDown"/>
</testsuite> <!-- Zomato -->
